<?xml version="1.0" encoding="UTF-8"?>
<!-- Generated by org.testng.reporters.JUnitReportReporter -->
<testsuite hostname="20t6001yus" failures="0" tests="1" name="it.pkg.AppTest" time="0.011" errors="0" timestamp="2023-09-17T12:58:11 CEST" skipped="0">
  <testcase classname="it.pkg.AppTest" name="shouldAnswerWithTrue" time="0.011"/>
</testsuite> <!-- it.pkg.AppTest -->
