<?xml version="1.0" encoding="UTF-8"?>
<testsuite xmlns:xsi="http://www.w3.org/2001/XMLSchema-instance" xsi:noNamespaceSchemaLocation="https://maven.apache.org/surefire/maven-surefire-plugin/xsd/surefire-test-report.xsd" name="it.pkg.AppTest" time="0.369" tests="1" errors="0" skipped="0" failures="0">
  <properties>
    <property name="java.specification.version" value="17"/>
    <property name="sun.jnu.encoding" value="UTF-8"/>
    <property name="java.class.path" value="/home/iwave85-e14/Documents/Courses/Automation/automation_framework/target/test-classes/projects/it-basic/project/basic-project/target/test-classes:/home/iwave85-e14/Documents/Courses/Automation/automation_framework/target/test-classes/projects/it-basic/project/basic-project/target/classes:/home/iwave85-e14/.m2/repository/junit/junit/4.11/junit-4.11.jar:/home/iwave85-e14/.m2/repository/org/hamcrest/hamcrest-core/1.3/hamcrest-core-1.3.jar:/home/iwave85-e14/.m2/repository/org/testng/testng/7.8.0/testng-7.8.0.jar:/home/iwave85-e14/.m2/repository/org/slf4j/slf4j-api/1.7.36/slf4j-api-1.7.36.jar:/home/iwave85-e14/.m2/repository/com/beust/jcommander/1.82/jcommander-1.82.jar:/home/iwave85-e14/.m2/repository/org/webjars/jquery/3.6.1/jquery-3.6.1.jar:/home/iwave85-e14/.m2/repository/org/seleniumhq/selenium/selenium-java/4.12.1/selenium-java-4.12.1.jar:/home/iwave85-e14/.m2/repository/org/seleniumhq/selenium/selenium-api/4.12.1/selenium-api-4.12.1.jar:/home/iwave85-e14/.m2/repository/org/seleniumhq/selenium/selenium-chrome-driver/4.12.1/selenium-chrome-driver-4.12.1.jar:/home/iwave85-e14/.m2/repository/com/google/auto/service/auto-service-annotations/1.1.1/auto-service-annotations-1.1.1.jar:/home/iwave85-e14/.m2/repository/com/google/guava/guava/32.1.2-jre/guava-32.1.2-jre.jar:/home/iwave85-e14/.m2/repository/com/google/guava/failureaccess/1.0.1/failureaccess-1.0.1.jar:/home/iwave85-e14/.m2/repository/com/google/guava/listenablefuture/9999.0-empty-to-avoid-conflict-with-guava/listenablefuture-9999.0-empty-to-avoid-conflict-with-guava.jar:/home/iwave85-e14/.m2/repository/com/google/code/findbugs/jsr305/3.0.2/jsr305-3.0.2.jar:/home/iwave85-e14/.m2/repository/org/checkerframework/checker-qual/3.33.0/checker-qual-3.33.0.jar:/home/iwave85-e14/.m2/repository/com/google/errorprone/error_prone_annotations/2.18.0/error_prone_annotations-2.18.0.jar:/home/iwave85-e14/.m2/repository/com/google/j2objc/j2objc-annotations/2.8/j2objc-annotations-2.8.jar:/home/iwave85-e14/.m2/repository/org/seleniumhq/selenium/selenium-chromium-driver/4.12.1/selenium-chromium-driver-4.12.1.jar:/home/iwave85-e14/.m2/repository/org/seleniumhq/selenium/selenium-json/4.12.1/selenium-json-4.12.1.jar:/home/iwave85-e14/.m2/repository/org/seleniumhq/selenium/selenium-manager/4.12.1/selenium-manager-4.12.1.jar:/home/iwave85-e14/.m2/repository/org/seleniumhq/selenium/selenium-devtools-v114/4.12.1/selenium-devtools-v114-4.12.1.jar:/home/iwave85-e14/.m2/repository/org/seleniumhq/selenium/selenium-devtools-v115/4.12.1/selenium-devtools-v115-4.12.1.jar:/home/iwave85-e14/.m2/repository/org/seleniumhq/selenium/selenium-devtools-v116/4.12.1/selenium-devtools-v116-4.12.1.jar:/home/iwave85-e14/.m2/repository/org/seleniumhq/selenium/selenium-devtools-v85/4.12.1/selenium-devtools-v85-4.12.1.jar:/home/iwave85-e14/.m2/repository/org/seleniumhq/selenium/selenium-edge-driver/4.12.1/selenium-edge-driver-4.12.1.jar:/home/iwave85-e14/.m2/repository/org/seleniumhq/selenium/selenium-firefox-driver/4.12.1/selenium-firefox-driver-4.12.1.jar:/home/iwave85-e14/.m2/repository/org/seleniumhq/selenium/selenium-http/4.12.1/selenium-http-4.12.1.jar:/home/iwave85-e14/.m2/repository/dev/failsafe/failsafe/3.3.2/failsafe-3.3.2.jar:/home/iwave85-e14/.m2/repository/org/seleniumhq/selenium/selenium-ie-driver/4.12.1/selenium-ie-driver-4.12.1.jar:/home/iwave85-e14/.m2/repository/org/seleniumhq/selenium/selenium-remote-driver/4.12.1/selenium-remote-driver-4.12.1.jar:/home/iwave85-e14/.m2/repository/io/netty/netty-buffer/4.1.96.Final/netty-buffer-4.1.96.Final.jar:/home/iwave85-e14/.m2/repository/io/netty/netty-codec-http/4.1.96.Final/netty-codec-http-4.1.96.Final.jar:/home/iwave85-e14/.m2/repository/io/netty/netty-codec/4.1.96.Final/netty-codec-4.1.96.Final.jar:/home/iwave85-e14/.m2/repository/io/netty/netty-handler/4.1.96.Final/netty-handler-4.1.96.Final.jar:/home/iwave85-e14/.m2/repository/io/netty/netty-common/4.1.96.Final/netty-common-4.1.96.Final.jar:/home/iwave85-e14/.m2/repository/io/netty/netty-transport-classes-epoll/4.1.96.Final/netty-transport-classes-epoll-4.1.96.Final.jar:/home/iwave85-e14/.m2/repository/io/netty/netty-transport-classes-kqueue/4.1.96.Final/netty-transport-classes-kqueue-4.1.96.Final.jar:/home/iwave85-e14/.m2/repository/io/netty/netty-transport-native-epoll/4.1.96.Final/netty-transport-native-epoll-4.1.96.Final.jar:/home/iwave85-e14/.m2/repository/io/netty/netty-transport-native-kqueue/4.1.96.Final/netty-transport-native-kqueue-4.1.96.Final.jar:/home/iwave85-e14/.m2/repository/io/netty/netty-transport-native-unix-common/4.1.96.Final/netty-transport-native-unix-common-4.1.96.Final.jar:/home/iwave85-e14/.m2/repository/io/netty/netty-transport/4.1.96.Final/netty-transport-4.1.96.Final.jar:/home/iwave85-e14/.m2/repository/io/netty/netty-resolver/4.1.96.Final/netty-resolver-4.1.96.Final.jar:/home/iwave85-e14/.m2/repository/io/opentelemetry/opentelemetry-api/1.28.0/opentelemetry-api-1.28.0.jar:/home/iwave85-e14/.m2/repository/io/opentelemetry/opentelemetry-context/1.28.0/opentelemetry-context-1.28.0.jar:/home/iwave85-e14/.m2/repository/io/opentelemetry/opentelemetry-exporter-logging/1.28.0/opentelemetry-exporter-logging-1.28.0.jar:/home/iwave85-e14/.m2/repository/io/opentelemetry/opentelemetry-sdk-metrics/1.28.0/opentelemetry-sdk-metrics-1.28.0.jar:/home/iwave85-e14/.m2/repository/io/opentelemetry/opentelemetry-extension-incubator/1.28.0-alpha/opentelemetry-extension-incubator-1.28.0-alpha.jar:/home/iwave85-e14/.m2/repository/io/opentelemetry/opentelemetry-sdk-logs/1.28.0/opentelemetry-sdk-logs-1.28.0.jar:/home/iwave85-e14/.m2/repository/io/opentelemetry/opentelemetry-sdk-common/1.28.0/opentelemetry-sdk-common-1.28.0.jar:/home/iwave85-e14/.m2/repository/io/opentelemetry/opentelemetry-sdk-extension-autoconfigure-spi/1.28.0/opentelemetry-sdk-extension-autoconfigure-spi-1.28.0.jar:/home/iwave85-e14/.m2/repository/io/opentelemetry/opentelemetry-sdk-extension-autoconfigure/1.28.0/opentelemetry-sdk-extension-autoconfigure-1.28.0.jar:/home/iwave85-e14/.m2/repository/io/opentelemetry/opentelemetry-api-events/1.28.0-alpha/opentelemetry-api-events-1.28.0-alpha.jar:/home/iwave85-e14/.m2/repository/io/opentelemetry/opentelemetry-sdk-trace/1.28.0/opentelemetry-sdk-trace-1.28.0.jar:/home/iwave85-e14/.m2/repository/io/opentelemetry/opentelemetry-sdk/1.28.0/opentelemetry-sdk-1.28.0.jar:/home/iwave85-e14/.m2/repository/io/opentelemetry/opentelemetry-semconv/1.28.0-alpha/opentelemetry-semconv-1.28.0-alpha.jar:/home/iwave85-e14/.m2/repository/net/bytebuddy/byte-buddy/1.14.5/byte-buddy-1.14.5.jar:/home/iwave85-e14/.m2/repository/org/asynchttpclient/async-http-client/2.12.3/async-http-client-2.12.3.jar:/home/iwave85-e14/.m2/repository/org/asynchttpclient/async-http-client-netty-utils/2.12.3/async-http-client-netty-utils-2.12.3.jar:/home/iwave85-e14/.m2/repository/io/netty/netty-codec-socks/4.1.60.Final/netty-codec-socks-4.1.60.Final.jar:/home/iwave85-e14/.m2/repository/io/netty/netty-handler-proxy/4.1.60.Final/netty-handler-proxy-4.1.60.Final.jar:/home/iwave85-e14/.m2/repository/io/netty/netty-transport-native-epoll/4.1.60.Final/netty-transport-native-epoll-4.1.60.Final-linux-x86_64.jar:/home/iwave85-e14/.m2/repository/io/netty/netty-transport-native-kqueue/4.1.60.Final/netty-transport-native-kqueue-4.1.60.Final-osx-x86_64.jar:/home/iwave85-e14/.m2/repository/org/reactivestreams/reactive-streams/1.0.3/reactive-streams-1.0.3.jar:/home/iwave85-e14/.m2/repository/com/typesafe/netty/netty-reactive-streams/2.0.4/netty-reactive-streams-2.0.4.jar:/home/iwave85-e14/.m2/repository/com/sun/activation/jakarta.activation/1.2.2/jakarta.activation-1.2.2.jar:/home/iwave85-e14/.m2/repository/org/seleniumhq/selenium/selenium-os/4.12.1/selenium-os-4.12.1.jar:/home/iwave85-e14/.m2/repository/org/apache/commons/commons-exec/1.3/commons-exec-1.3.jar:/home/iwave85-e14/.m2/repository/org/seleniumhq/selenium/selenium-safari-driver/4.12.1/selenium-safari-driver-4.12.1.jar:/home/iwave85-e14/.m2/repository/org/seleniumhq/selenium/selenium-support/4.12.1/selenium-support-4.12.1.jar:"/>
    <property name="java.vm.vendor" value="Oracle Corporation"/>
    <property name="sun.arch.data.model" value="64"/>
    <property name="java.vendor.url" value="https://openjdk.java.net/"/>
    <property name="os.name" value="Linux"/>
    <property name="java.vm.specification.version" value="17"/>
    <property name="sun.java.launcher" value="SUN_STANDARD"/>
    <property name="user.country" value="US"/>
    <property name="sun.boot.library.path" value="/usr/lib/jvm/java-17-openjdk/lib"/>
    <property name="sun.java.command" value="/home/iwave85-e14/Documents/Courses/Automation/automation_framework/target/test-classes/projects/it-basic/project/basic-project/target/surefire/surefirebooter2927056051845541969.jar /home/iwave85-e14/Documents/Courses/Automation/automation_framework/target/test-classes/projects/it-basic/project/basic-project/target/surefire 2023-09-17T12-58-09_356-jvmRun1 surefire5779432792894694538tmp surefire_06650293556041058357tmp"/>
    <property name="jdk.debug" value="release"/>
    <property name="surefire.test.class.path" value="/home/iwave85-e14/Documents/Courses/Automation/automation_framework/target/test-classes/projects/it-basic/project/basic-project/target/test-classes:/home/iwave85-e14/Documents/Courses/Automation/automation_framework/target/test-classes/projects/it-basic/project/basic-project/target/classes:/home/iwave85-e14/.m2/repository/junit/junit/4.11/junit-4.11.jar:/home/iwave85-e14/.m2/repository/org/hamcrest/hamcrest-core/1.3/hamcrest-core-1.3.jar:/home/iwave85-e14/.m2/repository/org/testng/testng/7.8.0/testng-7.8.0.jar:/home/iwave85-e14/.m2/repository/org/slf4j/slf4j-api/1.7.36/slf4j-api-1.7.36.jar:/home/iwave85-e14/.m2/repository/com/beust/jcommander/1.82/jcommander-1.82.jar:/home/iwave85-e14/.m2/repository/org/webjars/jquery/3.6.1/jquery-3.6.1.jar:/home/iwave85-e14/.m2/repository/org/seleniumhq/selenium/selenium-java/4.12.1/selenium-java-4.12.1.jar:/home/iwave85-e14/.m2/repository/org/seleniumhq/selenium/selenium-api/4.12.1/selenium-api-4.12.1.jar:/home/iwave85-e14/.m2/repository/org/seleniumhq/selenium/selenium-chrome-driver/4.12.1/selenium-chrome-driver-4.12.1.jar:/home/iwave85-e14/.m2/repository/com/google/auto/service/auto-service-annotations/1.1.1/auto-service-annotations-1.1.1.jar:/home/iwave85-e14/.m2/repository/com/google/guava/guava/32.1.2-jre/guava-32.1.2-jre.jar:/home/iwave85-e14/.m2/repository/com/google/guava/failureaccess/1.0.1/failureaccess-1.0.1.jar:/home/iwave85-e14/.m2/repository/com/google/guava/listenablefuture/9999.0-empty-to-avoid-conflict-with-guava/listenablefuture-9999.0-empty-to-avoid-conflict-with-guava.jar:/home/iwave85-e14/.m2/repository/com/google/code/findbugs/jsr305/3.0.2/jsr305-3.0.2.jar:/home/iwave85-e14/.m2/repository/org/checkerframework/checker-qual/3.33.0/checker-qual-3.33.0.jar:/home/iwave85-e14/.m2/repository/com/google/errorprone/error_prone_annotations/2.18.0/error_prone_annotations-2.18.0.jar:/home/iwave85-e14/.m2/repository/com/google/j2objc/j2objc-annotations/2.8/j2objc-annotations-2.8.jar:/home/iwave85-e14/.m2/repository/org/seleniumhq/selenium/selenium-chromium-driver/4.12.1/selenium-chromium-driver-4.12.1.jar:/home/iwave85-e14/.m2/repository/org/seleniumhq/selenium/selenium-json/4.12.1/selenium-json-4.12.1.jar:/home/iwave85-e14/.m2/repository/org/seleniumhq/selenium/selenium-manager/4.12.1/selenium-manager-4.12.1.jar:/home/iwave85-e14/.m2/repository/org/seleniumhq/selenium/selenium-devtools-v114/4.12.1/selenium-devtools-v114-4.12.1.jar:/home/iwave85-e14/.m2/repository/org/seleniumhq/selenium/selenium-devtools-v115/4.12.1/selenium-devtools-v115-4.12.1.jar:/home/iwave85-e14/.m2/repository/org/seleniumhq/selenium/selenium-devtools-v116/4.12.1/selenium-devtools-v116-4.12.1.jar:/home/iwave85-e14/.m2/repository/org/seleniumhq/selenium/selenium-devtools-v85/4.12.1/selenium-devtools-v85-4.12.1.jar:/home/iwave85-e14/.m2/repository/org/seleniumhq/selenium/selenium-edge-driver/4.12.1/selenium-edge-driver-4.12.1.jar:/home/iwave85-e14/.m2/repository/org/seleniumhq/selenium/selenium-firefox-driver/4.12.1/selenium-firefox-driver-4.12.1.jar:/home/iwave85-e14/.m2/repository/org/seleniumhq/selenium/selenium-http/4.12.1/selenium-http-4.12.1.jar:/home/iwave85-e14/.m2/repository/dev/failsafe/failsafe/3.3.2/failsafe-3.3.2.jar:/home/iwave85-e14/.m2/repository/org/seleniumhq/selenium/selenium-ie-driver/4.12.1/selenium-ie-driver-4.12.1.jar:/home/iwave85-e14/.m2/repository/org/seleniumhq/selenium/selenium-remote-driver/4.12.1/selenium-remote-driver-4.12.1.jar:/home/iwave85-e14/.m2/repository/io/netty/netty-buffer/4.1.96.Final/netty-buffer-4.1.96.Final.jar:/home/iwave85-e14/.m2/repository/io/netty/netty-codec-http/4.1.96.Final/netty-codec-http-4.1.96.Final.jar:/home/iwave85-e14/.m2/repository/io/netty/netty-codec/4.1.96.Final/netty-codec-4.1.96.Final.jar:/home/iwave85-e14/.m2/repository/io/netty/netty-handler/4.1.96.Final/netty-handler-4.1.96.Final.jar:/home/iwave85-e14/.m2/repository/io/netty/netty-common/4.1.96.Final/netty-common-4.1.96.Final.jar:/home/iwave85-e14/.m2/repository/io/netty/netty-transport-classes-epoll/4.1.96.Final/netty-transport-classes-epoll-4.1.96.Final.jar:/home/iwave85-e14/.m2/repository/io/netty/netty-transport-classes-kqueue/4.1.96.Final/netty-transport-classes-kqueue-4.1.96.Final.jar:/home/iwave85-e14/.m2/repository/io/netty/netty-transport-native-epoll/4.1.96.Final/netty-transport-native-epoll-4.1.96.Final.jar:/home/iwave85-e14/.m2/repository/io/netty/netty-transport-native-kqueue/4.1.96.Final/netty-transport-native-kqueue-4.1.96.Final.jar:/home/iwave85-e14/.m2/repository/io/netty/netty-transport-native-unix-common/4.1.96.Final/netty-transport-native-unix-common-4.1.96.Final.jar:/home/iwave85-e14/.m2/repository/io/netty/netty-transport/4.1.96.Final/netty-transport-4.1.96.Final.jar:/home/iwave85-e14/.m2/repository/io/netty/netty-resolver/4.1.96.Final/netty-resolver-4.1.96.Final.jar:/home/iwave85-e14/.m2/repository/io/opentelemetry/opentelemetry-api/1.28.0/opentelemetry-api-1.28.0.jar:/home/iwave85-e14/.m2/repository/io/opentelemetry/opentelemetry-context/1.28.0/opentelemetry-context-1.28.0.jar:/home/iwave85-e14/.m2/repository/io/opentelemetry/opentelemetry-exporter-logging/1.28.0/opentelemetry-exporter-logging-1.28.0.jar:/home/iwave85-e14/.m2/repository/io/opentelemetry/opentelemetry-sdk-metrics/1.28.0/opentelemetry-sdk-metrics-1.28.0.jar:/home/iwave85-e14/.m2/repository/io/opentelemetry/opentelemetry-extension-incubator/1.28.0-alpha/opentelemetry-extension-incubator-1.28.0-alpha.jar:/home/iwave85-e14/.m2/repository/io/opentelemetry/opentelemetry-sdk-logs/1.28.0/opentelemetry-sdk-logs-1.28.0.jar:/home/iwave85-e14/.m2/repository/io/opentelemetry/opentelemetry-sdk-common/1.28.0/opentelemetry-sdk-common-1.28.0.jar:/home/iwave85-e14/.m2/repository/io/opentelemetry/opentelemetry-sdk-extension-autoconfigure-spi/1.28.0/opentelemetry-sdk-extension-autoconfigure-spi-1.28.0.jar:/home/iwave85-e14/.m2/repository/io/opentelemetry/opentelemetry-sdk-extension-autoconfigure/1.28.0/opentelemetry-sdk-extension-autoconfigure-1.28.0.jar:/home/iwave85-e14/.m2/repository/io/opentelemetry/opentelemetry-api-events/1.28.0-alpha/opentelemetry-api-events-1.28.0-alpha.jar:/home/iwave85-e14/.m2/repository/io/opentelemetry/opentelemetry-sdk-trace/1.28.0/opentelemetry-sdk-trace-1.28.0.jar:/home/iwave85-e14/.m2/repository/io/opentelemetry/opentelemetry-sdk/1.28.0/opentelemetry-sdk-1.28.0.jar:/home/iwave85-e14/.m2/repository/io/opentelemetry/opentelemetry-semconv/1.28.0-alpha/opentelemetry-semconv-1.28.0-alpha.jar:/home/iwave85-e14/.m2/repository/net/bytebuddy/byte-buddy/1.14.5/byte-buddy-1.14.5.jar:/home/iwave85-e14/.m2/repository/org/asynchttpclient/async-http-client/2.12.3/async-http-client-2.12.3.jar:/home/iwave85-e14/.m2/repository/org/asynchttpclient/async-http-client-netty-utils/2.12.3/async-http-client-netty-utils-2.12.3.jar:/home/iwave85-e14/.m2/repository/io/netty/netty-codec-socks/4.1.60.Final/netty-codec-socks-4.1.60.Final.jar:/home/iwave85-e14/.m2/repository/io/netty/netty-handler-proxy/4.1.60.Final/netty-handler-proxy-4.1.60.Final.jar:/home/iwave85-e14/.m2/repository/io/netty/netty-transport-native-epoll/4.1.60.Final/netty-transport-native-epoll-4.1.60.Final-linux-x86_64.jar:/home/iwave85-e14/.m2/repository/io/netty/netty-transport-native-kqueue/4.1.60.Final/netty-transport-native-kqueue-4.1.60.Final-osx-x86_64.jar:/home/iwave85-e14/.m2/repository/org/reactivestreams/reactive-streams/1.0.3/reactive-streams-1.0.3.jar:/home/iwave85-e14/.m2/repository/com/typesafe/netty/netty-reactive-streams/2.0.4/netty-reactive-streams-2.0.4.jar:/home/iwave85-e14/.m2/repository/com/sun/activation/jakarta.activation/1.2.2/jakarta.activation-1.2.2.jar:/home/iwave85-e14/.m2/repository/org/seleniumhq/selenium/selenium-os/4.12.1/selenium-os-4.12.1.jar:/home/iwave85-e14/.m2/repository/org/apache/commons/commons-exec/1.3/commons-exec-1.3.jar:/home/iwave85-e14/.m2/repository/org/seleniumhq/selenium/selenium-safari-driver/4.12.1/selenium-safari-driver-4.12.1.jar:/home/iwave85-e14/.m2/repository/org/seleniumhq/selenium/selenium-support/4.12.1/selenium-support-4.12.1.jar:"/>
    <property name="sun.cpu.endian" value="little"/>
    <property name="user.home" value="/home/iwave85-e14"/>
    <property name="user.language" value="en"/>
    <property name="java.specification.vendor" value="Oracle Corporation"/>
    <property name="java.version.date" value="2023-08-24"/>
    <property name="java.home" value="/usr/lib/jvm/java-17-openjdk"/>
    <property name="file.separator" value="/"/>
    <property name="basedir" value="/home/iwave85-e14/Documents/Courses/Automation/automation_framework/target/test-classes/projects/it-basic/project/basic-project"/>
    <property name="java.vm.compressedOopsMode" value="Zero based"/>
    <property name="line.separator" value="&#10;"/>
    <property name="java.vm.specification.vendor" value="Oracle Corporation"/>
    <property name="java.specification.name" value="Java Platform API Specification"/>
    <property name="surefire.real.class.path" value="/home/iwave85-e14/Documents/Courses/Automation/automation_framework/target/test-classes/projects/it-basic/project/basic-project/target/surefire/surefirebooter2927056051845541969.jar"/>
    <property name="sun.management.compiler" value="HotSpot 64-Bit Tiered Compilers"/>
    <property name="java.runtime.version" value="17.0.8.1+1"/>
    <property name="user.name" value="iwave85-e14"/>
    <property name="path.separator" value=":"/>
    <property name="os.version" value="6.1.51-1-MANJARO"/>
    <property name="java.runtime.name" value="OpenJDK Runtime Environment"/>
    <property name="file.encoding" value="UTF-8"/>
    <property name="java.vm.name" value="OpenJDK 64-Bit Server VM"/>
    <property name="localRepository" value="/home/iwave85-e14/.m2/repository"/>
    <property name="java.vendor.url.bug" value="https://bugreport.java.com/bugreport/"/>
    <property name="java.io.tmpdir" value="/tmp"/>
    <property name="java.version" value="17.0.8.1"/>
    <property name="user.dir" value="/home/iwave85-e14/Documents/Courses/Automation/automation_framework/target/test-classes/projects/it-basic/project/basic-project"/>
    <property name="os.arch" value="amd64"/>
    <property name="java.vm.specification.name" value="Java Virtual Machine Specification"/>
    <property name="native.encoding" value="UTF-8"/>
    <property name="java.library.path" value="/usr/java/packages/lib:/usr/lib64:/lib64:/lib:/usr/lib"/>
    <property name="java.vm.info" value="mixed mode"/>
    <property name="java.vendor" value="N/A"/>
    <property name="java.vm.version" value="17.0.8.1+1"/>
    <property name="sun.io.unicode.encoding" value="UnicodeLittle"/>
    <property name="maven.repo.local" value="/home/iwave85-e14/.m2/repository"/>
    <property name="java.class.version" value="61.0"/>
  </properties>
  <testcase name="shouldAnswerWithTrue on shouldAnswerWithTrue(it.pkg.AppTest)" classname="it.pkg.AppTest" time="0.031"/>
</testsuite>